<!DOCTYPE html PUBLIC "-//W3C//DTD XHTML 1.1//EN" "http://www.w3.org/TR/xhtml11/DTD/xhtml11.dtd">
<html xmlns="http://www.w3.org/1999/xhtml">
<head>
<meta http-equiv="content-type" content="text/html; charset=UTF-8"/>
<title>TestNG Report</title>
<style type="text/css">table {margin-bottom:10px;border-collapse:collapse;empty-cells:show}th,td {border:1px solid #009;padding:.25em .5em}th {vertical-align:bottom}td {vertical-align:top}table a {font-weight:bold}.stripe td {background-color: #E6EBF9}.num {text-align:right}.passedodd td {background-color: #3F3}.passedeven td {background-color: #0A0}.skippedodd td {background-color: #DDD}.skippedeven td {background-color: #CCC}.failedodd td,.attn {background-color: #F33}.failedeven td,.stripe .attn {background-color: #D00}.stacktrace {white-space:pre;font-family:monospace}.totop {font-size:85%;text-align:center;border-bottom:2px solid #000}.invisible {display:none}</style>
</head>
<body>
<table>
<tr><th>Test</th><th># Passed</th><th># Skipped</th><th># Failed</th><th>Time (ms)</th><th>Included Groups</th><th>Excluded Groups</th></tr>
<tr><th colspan="7">AT_Email:Suite</th></tr>
<tr><th colspan="7">AT_Email:Suite (0)</th></tr>
<tr><td><a href="#t0">ClassRunner</a></td><td class="num">1</td><td class="num attn">3</td><td class="num attn">2</td><td class="num">96,168</td><td></td><td></td></tr>
</table>
<table id='summary'><thead><tr><th>Class</th><th>Method</th><th>Start</th><th>Time (ms)</th></tr></thead><tbody><tr><th colspan="4">AT_Email:Suite</th></tr></tbody><tbody><tr><th colspan="4">AT_Email:Suite (0)</th></tr></tbody><tbody id="t0"><tr><th colspan="4">ClassRunner &#8212; failed</th></tr><tr class="failedeven"><td rowspan="2">Tests.TestsRunner</td><td><a href="#m0">newLetterSavedInDraft</a></td><td rowspan="1">1558530688756</td><td rowspan="1">13860</td></tr><tr class="failedeven"><td><a href="#m1">verifyAndSendDraft</a></td><td rowspan="1">1558530702617</td><td rowspan="1">60042</td></tr><tr><th colspan="4">ClassRunner &#8212; skipped</th></tr><tr class="skippedeven"><td rowspan="3">Tests.TestsRunner</td><td><a href="#m2">checkDraftFolder</a></td><td rowspan="1">1558530762662</td><td rowspan="1">0</td></tr><tr class="skippedeven"><td><a href="#m3">checkSentLetterFolder</a></td><td rowspan="1">1558530762662</td><td rowspan="1">0</td></tr><tr class="skippedeven"><td><a href="#m4">logingOut</a></td><td rowspan="1">1558530762663</td><td rowspan="1">0</td></tr><tr><th colspan="4">ClassRunner &#8212; passed</th></tr><tr class="passedeven"><td rowspan="1">Tests.TestsRunner</td><td><a href="#m5">login</a></td><td rowspan="1">1558530676081</td><td rowspan="1">12674</td></tr></tbody>
</table>
<h2>ClassRunner</h2><h3 id="m0">Tests.TestsRunner#newLetterSavedInDraft</h3><table class="result"><tr><th>Exception</th></tr><tr><td><div class="stacktrace">org.openqa.selenium.StaleElementReferenceException: stale element reference: element is not attached to the page document
  (Session info: chrome=74.0.3729.157)
  (Driver info: chromedriver=2.46.628402 (536cd7adbad73a3783fdc2cab92ab2ba7ec361e1),platform=Windows NT 10.0.17134 x86_64) (WARNING: The server did not provide any stacktrace information)
Command duration or timeout: 0 milliseconds
For documentation on this error, please visit: http://seleniumhq.org/exceptions/stale_element_reference.html
Build info: version: &apos;3.14.0&apos;, revision: &apos;aacccce0&apos;, time: &apos;2018-08-02T20:19:58.91Z&apos;
System info: host: &apos;DESKTOP-94SQPTM&apos;, ip: &apos;192.168.12.36&apos;, os.name: &apos;Windows 10&apos;, os.arch: &apos;amd64&apos;, os.version: &apos;10.0&apos;, java.version: &apos;1.8.0_181&apos;
Driver info: org.openqa.selenium.chrome.ChromeDriver
Capabilities {acceptInsecureCerts: false, acceptSslCerts: false, applicationCacheEnabled: false, browserConnectionEnabled: false, browserName: chrome, chrome: {chromedriverVersion: 2.46.628402 (536cd7adbad73a..., userDataDir: C:\Users\adaky\AppData\Loca...}, cssSelectorsEnabled: true, databaseEnabled: false, goog:chromeOptions: {debuggerAddress: localhost:54423}, handlesAlerts: true, hasTouchScreen: false, javascriptEnabled: true, locationContextEnabled: true, mobileEmulationEnabled: false, nativeEvents: true, networkConnectionEnabled: false, pageLoadStrategy: normal, platform: XP, platformName: XP, proxy: Proxy(), rotatable: false, setWindowRect: true, strictFileInteractability: false, takesHeapSnapshot: true, takesScreenshot: true, timeouts: {implicit: 0, pageLoad: 300000, script: 30000}, unexpectedAlertBehaviour: ignore, unhandledPromptBehavior: ignore, version: 74.0.3729.157, webStorageEnabled: true}
Session ID: 752500eba84b4ff064a39df148a05a47
	at org.openqa.selenium.remote.ErrorHandler.createThrowable(ErrorHandler.java:214)
	at org.openqa.selenium.remote.ErrorHandler.throwIfResponseFailed(ErrorHandler.java:166)
	at org.openqa.selenium.remote.http.JsonHttpResponseCodec.reconstructValue(JsonHttpResponseCodec.java:40)
	at org.openqa.selenium.remote.http.AbstractHttpResponseCodec.decode(AbstractHttpResponseCodec.java:80)
	at org.openqa.selenium.remote.http.AbstractHttpResponseCodec.decode(AbstractHttpResponseCodec.java:44)
	at org.openqa.selenium.remote.HttpCommandExecutor.execute(HttpCommandExecutor.java:158)
	at org.openqa.selenium.remote.service.DriverCommandExecutor.execute(DriverCommandExecutor.java:83)
	at org.openqa.selenium.remote.RemoteWebDriver.execute(RemoteWebDriver.java:548)
	at org.openqa.selenium.remote.RemoteWebElement.execute(RemoteWebElement.java:276)
	at org.openqa.selenium.remote.RemoteWebElement.click(RemoteWebElement.java:83)
	at org.openqa.selenium.support.pagefactory.internal.LocatingElementHandler.invoke(LocatingElementHandler.java:51)
	at com.sun.proxy.$Proxy7.click(Unknown Source)
	at services.NewLetter.newLetter(NewLetter.java:63)
	at Tests.TestsRunner.newLetterSavedInDraft(TestsRunner.java:47)
	at runners.SuiteRunner.main(SuiteRunner.java:27)
... Removed 31 stack frames</div></td></tr></table><p class="totop"><a href="#summary">back to summary</a></p>
<h3 id="m1">Tests.TestsRunner#verifyAndSendDraft</h3><table class="result"><tr><th>Exception</th></tr><tr><td><div class="stacktrace">java.lang.AssertionError: expected [true] but found [false]
	at Tests.TestsRunner.verifyAndSendDraft(TestsRunner.java:54)
	at runners.SuiteRunner.main(SuiteRunner.java:27)
... Removed 27 stack frames</div></td></tr></table><p class="totop"><a href="#summary">back to summary</a></p>
<h3 id="m2">Tests.TestsRunner#checkDraftFolder</h3><table class="result"><tr><th>Exception</th></tr><tr><td><div class="stacktrace">java.lang.Throwable: Method TestsRunner.checkDraftFolder()[pri:0, instance:Tests.TestsRunner@2fc14f68] depends on not successfully finished methods
	at runners.SuiteRunner.main(SuiteRunner.java:27)
... Removed 16 stack frames</div></td></tr></table><p class="totop"><a href="#summary">back to summary</a></p>
<h3 id="m3">Tests.TestsRunner#checkSentLetterFolder</h3><table class="result"><tr><th>Exception</th></tr><tr><td><div class="stacktrace">java.lang.Throwable: Method TestsRunner.checkSentLetterFolder()[pri:0, instance:Tests.TestsRunner@2fc14f68] depends on not successfully finished methods
	at runners.SuiteRunner.main(SuiteRunner.java:27)
... Removed 16 stack frames</div></td></tr></table><p class="totop"><a href="#summary">back to summary</a></p>
<h3 id="m4">Tests.TestsRunner#logingOut</h3><table class="result"><tr><th>Exception</th></tr><tr><td><div class="stacktrace">java.lang.Throwable: Method TestsRunner.logingOut()[pri:0, instance:Tests.TestsRunner@2fc14f68] depends on not successfully finished methods
	at runners.SuiteRunner.main(SuiteRunner.java:27)
... Removed 16 stack frames</div></td></tr></table><p class="totop"><a href="#summary">back to summary</a></p>
<h3 id="m5">Tests.TestsRunner#login</h3><table class="result"><tr><th class="invisible"/></tr></table><p class="totop"><a href="#summary">back to summary</a></p>
</body>
</html>
